# JRE version: OpenJDK Runtime Environment Temurin-21.0.9+10 (21.0.9+10) (build 21.0.9+10-LTS)
# Java VM: OpenJDK 64-Bit Server VM Temurin-21.0.9+10 (21.0.9+10-LTS, mixed mode, sharing, tiered, compressed oops, compressed class ptrs, parallel gc, windows-amd64)
GC Precious Log:
 CardTable entry size: 512
 CPUs: 8 total, 8 available
 Memory: 3979M
 Large Page Support: Disabled
 NUMA Support: Disabled
 Compressed Oops: Enabled (32-bit)
 Alignments: Space 512K, Generation 512K, Heap 2M
 Heap Min Capacity: 100M
 Heap Initial Capacity: 100M
 Heap Max Capacity: 2G
 Pre-touch: Disabled
 Parallel Workers: 8
Heap:
 PSYoungGen      total 3072K, used 1271K [0x00000000d5580000, 0x00000000d5b80000, 0x0000000100000000)
  eden space 2560K, 44% used [0x00000000d5580000,0x00000000d569dc20,0x00000000d5800000)
  from space 512K, 25% used [0x00000000d5b00000,0x00000000d5b20000,0x00000000d5b80000)
  to   space 512K, 0% used [0x00000000d5a80000,0x00000000d5a80000,0x00000000d5b00000)
 ParOldGen       total 240128K, used 239991K [0x0000000080000000, 0x000000008ea80000, 0x00000000d5580000)
  object space 240128K, 99% used [0x0000000080000000,0x000000008ea5dd98,0x000000008ea80000)
 Metaspace       used 108442K, committed 110336K, reserved 1179648K
  class space    used 10620K, committed 11520K, reserved 1048576K
GC Heap History (20 events):
Event: 68752.183 GC heap before
{Heap before GC invocations=12880 (full 28):
 PSYoungGen      total 4608K, used 4172K [0x00000000d5580000, 0x00000000d5c00000, 0x0000000100000000)
  eden space 3072K, 100% used [0x00000000d5580000,0x00000000d5880000,0x00000000d5880000)
  from space 1536K, 71% used [0x00000000d5a80000,0x00000000d5b93010,0x00000000d5c00000)
  to   space 1536K, 0% used [0x00000000d5900000,0x00000000d5900000,0x00000000d5a80000)
 ParOldGen       total 232960K, used 232761K [0x0000000080000000, 0x000000008e380000, 0x00000000d5580000)
  object space 232960K, 99% used [0x0000000080000000,0x000000008e34e7c8,0x000000008e380000)
 Metaspace       used 108442K, committed 110336K, reserved 1179648K
  class space    used 10620K, committed 11520K, reserved 1048576K
}
Event: 68752.186 GC heap after
{Heap after GC invocations=12880 (full 28):
 PSYoungGen      total 5120K, used 1536K [0x00000000d5580000, 0x00000000d6380000, 0x0000000100000000)
  eden space 3584K, 0% used [0x00000000d5580000,0x00000000d5580000,0x00000000d5900000)
  from space 1536K, 100% used [0x00000000d5900000,0x00000000d5a80000,0x00000000d5a80000)
  to   space 5120K, 0% used [0x00000000d5e80000,0x00000000d5e80000,0x00000000d6380000)
 ParOldGen       total 235520K, used 235314K [0x0000000080000000, 0x000000008e600000, 0x00000000d5580000)
  object space 235520K, 99% used [0x0000000080000000,0x000000008e5cc8b8,0x000000008e600000)
 Metaspace       used 108442K, committed 110336K, reserved 1179648K
  class space    used 10620K, committed 11520K, reserved 1048576K
}
Event: 68752.193 GC heap before
{Heap before GC invocations=12881 (full 28):
 PSYoungGen      total 5120K, used 5120K [0x00000000d5580000, 0x00000000d6380000, 0x0000000100000000)
  eden space 3584K, 100% used [0x00000000d5580000,0x00000000d5900000,0x00000000d5900000)
  from space 1536K, 100% used [0x00000000d5900000,0x00000000d5a80000,0x00000000d5a80000)
  to   space 5120K, 0% used [0x00000000d5e80000,0x00000000d5e80000,0x00000000d6380000)
 ParOldGen       total 235520K, used 235314K [0x0000000080000000, 0x000000008e600000, 0x00000000d5580000)
  object space 235520K, 99% used [0x0000000080000000,0x000000008e5cc8b8,0x000000008e600000)
 Metaspace       used 108442K, committed 110336K, reserved 1179648K
  class space    used 10620K, committed 11520K, reserved 1048576K
}
Event: 68752.197 GC heap after
{Heap after GC invocations=12881 (full 28):
 PSYoungGen      total 8192K, used 3532K [0x00000000d5580000, 0x00000000d6200000, 0x0000000100000000)
  eden space 4608K, 0% used [0x00000000d5580000,0x00000000d5580000,0x00000000d5a00000)
  from space 3584K, 98% used [0x00000000d5e80000,0x00000000d61f3010,0x00000000d6200000)
  to   space 4096K, 0% used [0x00000000d5a00000,0x00000000d5a00000,0x00000000d5e00000)
 ParOldGen       total 237056K, used 236890K [0x0000000080000000, 0x000000008e780000, 0x00000000d5580000)
  object space 237056K, 99% used [0x0000000080000000,0x000000008e7568b8,0x000000008e780000)
 Metaspace       used 108442K, committed 110336K, reserved 1179648K
  class space    used 10620K, committed 11520K, reserved 1048576K
}
Event: 68752.211 GC heap before
{Heap before GC invocations=12882 (full 28):
 PSYoungGen      total 8192K, used 8140K [0x00000000d5580000, 0x00000000d6200000, 0x0000000100000000)
  eden space 4608K, 100% used [0x00000000d5580000,0x00000000d5a00000,0x00000000d5a00000)
  from space 3584K, 98% used [0x00000000d5e80000,0x00000000d61f3010,0x00000000d6200000)
  to   space 4096K, 0% used [0x00000000d5a00000,0x00000000d5a00000,0x00000000d5e00000)
 ParOldGen       total 237056K, used 236890K [0x0000000080000000, 0x000000008e780000, 0x00000000d5580000)
  object space 237056K, 99% used [0x0000000080000000,0x000000008e7568b8,0x000000008e780000)
 Metaspace       used 108442K, committed 110336K, reserved 1179648K
  class space    used 10620K, committed 11520K, reserved 1048576K
}
Event: 68752.212 GC heap after
{Heap after GC invocations=12882 (full 28):
 PSYoungGen      total 6656K, used 1574K [0x00000000d5580000, 0x00000000d6000000, 0x0000000100000000)
  eden space 4608K, 0% used [0x00000000d5580000,0x00000000d5580000,0x00000000d5a00000)
  from space 2048K, 76% used [0x00000000d5a00000,0x00000000d5b89910,0x00000000d5c00000)
  to   space 2560K, 0% used [0x00000000d5d80000,0x00000000d5d80000,0x00000000d6000000)
 ParOldGen       total 237056K, used 236994K [0x0000000080000000, 0x000000008e780000, 0x00000000d5580000)
  object space 237056K, 99% used [0x0000000080000000,0x000000008e7708b8,0x000000008e780000)
 Metaspace       used 108442K, committed 110336K, reserved 1179648K
  class space    used 10620K, committed 11520K, reserved 1048576K
}
Event: 68752.221 GC heap before
{Heap before GC invocations=12883 (full 28):
 PSYoungGen      total 6656K, used 6182K [0x00000000d5580000, 0x00000000d6000000, 0x0000000100000000)
  eden space 4608K, 100% used [0x00000000d5580000,0x00000000d5a00000,0x00000000d5a00000)
  from space 2048K, 76% used [0x00000000d5a00000,0x00000000d5b89910,0x00000000d5c00000)
  to   space 2560K, 0% used [0x00000000d5d80000,0x00000000d5d80000,0x00000000d6000000)
 ParOldGen       total 237056K, used 236994K [0x0000000080000000, 0x000000008e780000, 0x00000000d5580000)
  object space 237056K, 99% used [0x0000000080000000,0x000000008e7708b8,0x000000008e780000)
 Metaspace       used 108442K, committed 110336K, reserved 1179648K
  class space    used 10620K, committed 11520K, reserved 1048576K
}
Event: 68752.222 GC heap after
{Heap after GC invocations=12883 (full 28):
 PSYoungGen      total 6656K, used 1740K [0x00000000d5580000, 0x00000000d5f80000, 0x0000000100000000)
  eden space 4608K, 0% used [0x00000000d5580000,0x00000000d5580000,0x00000000d5a00000)
  from space 2048K, 84% used [0x00000000d5d80000,0x00000000d5f33010,0x00000000d5f80000)
  to   space 2048K, 0% used [0x00000000d5a00000,0x00000000d5a00000,0x00000000d5c00000)
 ParOldGen       total 238080K, used 237614K [0x0000000080000000, 0x000000008e880000, 0x00000000d5580000)
  object space 238080K, 99% used [0x0000000080000000,0x000000008e80bab8,0x000000008e880000)
 Metaspace       used 108442K, committed 110336K, reserved 1179648K
  class space    used 10620K, committed 11520K, reserved 1048576K
}
Event: 68752.628 GC heap before
{Heap before GC invocations=12884 (full 28):
 PSYoungGen      total 6656K, used 6348K [0x00000000d5580000, 0x00000000d5f80000, 0x0000000100000000)
  eden space 4608K, 100% used [0x00000000d5580000,0x00000000d5a00000,0x00000000d5a00000)
  from space 2048K, 84% used [0x00000000d5d80000,0x00000000d5f33010,0x00000000d5f80000)
  to   space 2048K, 0% used [0x00000000d5a00000,0x00000000d5a00000,0x00000000d5c00000)
 ParOldGen       total 238080K, used 237614K [0x0000000080000000, 0x000000008e880000, 0x00000000d5580000)
  object space 238080K, 99% used [0x0000000080000000,0x000000008e80bab8,0x000000008e880000)
 Metaspace       used 108442K, committed 110336K, reserved 1179648K
  class space    used 10620K, committed 11520K, reserved 1048576K
}
Event: 68752.630 GC heap after
{Heap after GC invocations=12884 (full 28):
 PSYoungGen      total 6656K, used 666K [0x00000000d5580000, 0x00000000d5e00000, 0x0000000100000000)
  eden space 4608K, 0% used [0x00000000d5580000,0x00000000d5580000,0x00000000d5a00000)
  from space 2048K, 32% used [0x00000000d5a00000,0x00000000d5aa6900,0x00000000d5c00000)
  to   space 1536K, 0% used [0x00000000d5c80000,0x00000000d5c80000,0x00000000d5e00000)
 ParOldGen       total 238080K, used 237630K [0x0000000080000000, 0x000000008e880000, 0x00000000d5580000)
  object space 238080K, 99% used [0x0000000080000000,0x000000008e80fab8,0x000000008e880000)
 Metaspace       used 108442K, committed 110336K, reserved 1179648K
  class space    used 10620K, committed 11520K, reserved 1048576K
}
Event: 68752.638 GC heap before
{Heap before GC invocations=12885 (full 28):
 PSYoungGen      total 6656K, used 5274K [0x00000000d5580000, 0x00000000d5e00000, 0x0000000100000000)
  eden space 4608K, 100% used [0x00000000d5580000,0x00000000d5a00000,0x00000000d5a00000)
  from space 2048K, 32% used [0x00000000d5a00000,0x00000000d5aa6900,0x00000000d5c00000)
  to   space 1536K, 0% used [0x00000000d5c80000,0x00000000d5c80000,0x00000000d5e00000)
 ParOldGen       total 238080K, used 237630K [0x0000000080000000, 0x000000008e880000, 0x00000000d5580000)
  object space 238080K, 99% used [0x0000000080000000,0x000000008e80fab8,0x000000008e880000)
 Metaspace       used 108442K, committed 110336K, reserved 1179648K
  class space    used 10620K, committed 11520K, reserved 1048576K
}
Event: 68752.641 GC heap after
{Heap after GC invocations=12885 (full 28):
 PSYoungGen      total 4096K, used 1516K [0x00000000d5580000, 0x00000000d6300000, 0x0000000100000000)
  eden space 2560K, 0% used [0x00000000d5580000,0x00000000d5580000,0x00000000d5800000)
  from space 1536K, 98% used [0x00000000d5c80000,0x00000000d5dfb010,0x00000000d5e00000)
  to   space 4608K, 0% used [0x00000000d5800000,0x00000000d5800000,0x00000000d5c80000)
 ParOldGen       total 240128K, used 239847K [0x0000000080000000, 0x000000008ea80000, 0x00000000d5580000)
  object space 240128K, 99% used [0x0000000080000000,0x000000008ea39d98,0x000000008ea80000)
 Metaspace       used 108442K, committed 110336K, reserved 1179648K
  class space    used 10620K, committed 11520K, reserved 1048576K
}
Event: 68752.646 GC heap before
{Heap before GC invocations=12886 (full 28):
 PSYoungGen      total 4096K, used 4076K [0x00000000d5580000, 0x00000000d6300000, 0x0000000100000000)
  eden space 2560K, 100% used [0x00000000d5580000,0x00000000d5800000,0x00000000d5800000)
  from space 1536K, 98% used [0x00000000d5c80000,0x00000000d5dfb010,0x00000000d5e00000)
  to   space 4608K, 0% used [0x00000000d5800000,0x00000000d5800000,0x00000000d5c80000)
 ParOldGen       total 240128K, used 239847K [0x0000000080000000, 0x000000008ea80000, 0x00000000d5580000)
  object space 240128K, 99% used [0x0000000080000000,0x000000008ea39d98,0x000000008ea80000)
 Metaspace       used 108442K, committed 110336K, reserved 1179648K
  class space    used 10620K, committed 11520K, reserved 1048576K
}
Event: 68752.648 GC heap after
{Heap after GC invocations=12886 (full 28):
 PSYoungGen      total 4608K, used 1932K [0x00000000d5580000, 0x00000000d5e00000, 0x0000000100000000)
  eden space 2560K, 0% used [0x00000000d5580000,0x00000000d5580000,0x00000000d5800000)
  from space 2048K, 94% used [0x00000000d5800000,0x00000000d59e3010,0x00000000d5a00000)
  to   space 3072K, 0% used [0x00000000d5b00000,0x00000000d5b00000,0x00000000d5e00000)
 ParOldGen       total 240128K, used 239935K [0x0000000080000000, 0x000000008ea80000, 0x00000000d5580000)
  object space 240128K, 99% used [0x0000000080000000,0x000000008ea4fd98,0x000000008ea80000)
 Metaspace       used 108442K, committed 110336K, reserved 1179648K
  class space    used 10620K, committed 11520K, reserved 1048576K
}
Event: 68979.102 GC heap before
{Heap before GC invocations=12887 (full 28):
 PSYoungGen      total 4608K, used 4491K [0x00000000d5580000, 0x00000000d5e00000, 0x0000000100000000)
  eden space 2560K, 99% used [0x00000000d5580000,0x00000000d57ffcb8,0x00000000d5800000)
  from space 2048K, 94% used [0x00000000d5800000,0x00000000d59e3010,0x00000000d5a00000)
  to   space 3072K, 0% used [0x00000000d5b00000,0x00000000d5b00000,0x00000000d5e00000)
 ParOldGen       total 240128K, used 239935K [0x0000000080000000, 0x000000008ea80000, 0x00000000d5580000)
  object space 240128K, 99% used [0x0000000080000000,0x000000008ea4fd98,0x000000008ea80000)
 Metaspace       used 108442K, committed 110336K, reserved 1179648K
  class space    used 10620K, committed 11520K, reserved 1048576K
}
Event: 68979.288 GC heap after
{Heap after GC invocations=12887 (full 28):
 PSYoungGen      total 3072K, used 224K [0x00000000d5580000, 0x00000000d5b80000, 0x0000000100000000)
  eden space 2560K, 0% used [0x00000000d5580000,0x00000000d5580000,0x00000000d5800000)
  from space 512K, 43% used [0x00000000d5b00000,0x00000000d5b38000,0x00000000d5b80000)
  to   space 1024K, 0% used [0x00000000d5980000,0x00000000d5980000,0x00000000d5a80000)
 ParOldGen       total 240128K, used 239943K [0x0000000080000000, 0x000000008ea80000, 0x00000000d5580000)
  object space 240128K, 99% used [0x0000000080000000,0x000000008ea51d98,0x000000008ea80000)
 Metaspace       used 108442K, committed 110336K, reserved 1179648K
  class space    used 10620K, committed 11520K, reserved 1048576K
}
Event: 71544.998 GC heap before
{Heap before GC invocations=12888 (full 28):
 PSYoungGen      total 3072K, used 2784K [0x00000000d5580000, 0x00000000d5b80000, 0x0000000100000000)
  eden space 2560K, 100% used [0x00000000d5580000,0x00000000d5800000,0x00000000d5800000)
  from space 512K, 43% used [0x00000000d5b00000,0x00000000d5b38000,0x00000000d5b80000)
  to   space 1024K, 0% used [0x00000000d5980000,0x00000000d5980000,0x00000000d5a80000)
 ParOldGen       total 240128K, used 239943K [0x0000000080000000, 0x000000008ea80000, 0x00000000d5580000)
  object space 240128K, 99% used [0x0000000080000000,0x000000008ea51d98,0x000000008ea80000)
 Metaspace       used 108442K, committed 110336K, reserved 1179648K
  class space    used 10620K, committed 11520K, reserved 1048576K
}
Event: 71545.211 GC heap after
{Heap after GC invocations=12888 (full 28):
 PSYoungGen      total 3584K, used 160K [0x00000000d5580000, 0x00000000d5b80000, 0x0000000100000000)
  eden space 2560K, 0% used [0x00000000d5580000,0x00000000d5580000,0x00000000d5800000)
  from space 1024K, 15% used [0x00000000d5980000,0x00000000d59a8000,0x00000000d5a80000)
  to   space 512K, 0% used [0x00000000d5b00000,0x00000000d5b00000,0x00000000d5b80000)
 ParOldGen       total 240128K, used 239967K [0x0000000080000000, 0x000000008ea80000, 0x00000000d5580000)
  object space 240128K, 99% used [0x0000000080000000,0x000000008ea57d98,0x000000008ea80000)
 Metaspace       used 108442K, committed 110336K, reserved 1179648K
  class space    used 10620K, committed 11520K, reserved 1048576K
}
Event: 75072.003 GC heap before
{Heap before GC invocations=12889 (full 28):
 PSYoungGen      total 3584K, used 2720K [0x00000000d5580000, 0x00000000d5b80000, 0x0000000100000000)
  eden space 2560K, 100% used [0x00000000d5580000,0x00000000d5800000,0x00000000d5800000)
  from space 1024K, 15% used [0x00000000d5980000,0x00000000d59a8000,0x00000000d5a80000)
  to   space 512K, 0% used [0x00000000d5b00000,0x00000000d5b00000,0x00000000d5b80000)
 ParOldGen       total 240128K, used 239967K [0x0000000080000000, 0x000000008ea80000, 0x00000000d5580000)
  object space 240128K, 99% used [0x0000000080000000,0x000000008ea57d98,0x000000008ea80000)
 Metaspace       used 108442K, committed 110336K, reserved 1179648K
  class space    used 10620K, committed 11520K, reserved 1048576K
}
Event: 75072.188 GC heap after
{Heap after GC invocations=12889 (full 28):
 PSYoungGen      total 3072K, used 128K [0x00000000d5580000, 0x00000000d5b80000, 0x0000000100000000)
  eden space 2560K, 0% used [0x00000000d5580000,0x00000000d5580000,0x00000000d5800000)
  from space 512K, 25% used [0x00000000d5b00000,0x00000000d5b20000,0x00000000d5b80000)
  to   space 512K, 0% used [0x00000000d5a80000,0x00000000d5a80000,0x00000000d5b00000)
 ParOldGen       total 240128K, used 239991K [0x0000000080000000, 0x000000008ea80000, 0x00000000d5580000)
  object space 240128K, 99% used [0x0000000080000000,0x000000008ea5dd98,0x000000008ea80000)
 Metaspace       used 108442K, committed 110336K, reserved 1179648K
  class space    used 10620K, committed 11520K, reserved 1048576K
}

